[debug] [2018-01-25T19:54:16.715Z] ----------------------------------------------------------------------
[debug] [2018-01-25T19:54:16.717Z] Command:       /home/achliopa/.nvm/versions/node/v8.7.0/bin/node /home/achliopa/.nvm/versions/node/v8.7.0/bin/firebase deploy --project one-time-password-3751e
[debug] [2018-01-25T19:54:16.717Z] CLI Version:   3.17.3
[debug] [2018-01-25T19:54:16.717Z] Platform:      linux
[debug] [2018-01-25T19:54:16.717Z] Node Version:  v8.7.0
[debug] [2018-01-25T19:54:16.717Z] Time:          Thu Jan 25 2018 21:54:16 GMT+0200 (EET)
[debug] [2018-01-25T19:54:16.717Z] ----------------------------------------------------------------------
[debug] 
[debug] [2018-01-25T19:54:16.730Z] > command requires scopes: ["email","openid","https://www.googleapis.com/auth/cloudplatformprojects.readonly","https://www.googleapis.com/auth/firebase","https://www.googleapis.com/auth/cloud-platform"]
[debug] [2018-01-25T19:54:16.730Z] > authorizing via signed-in user
[debug] [2018-01-25T19:54:16.733Z] >>> HTTP REQUEST GET https://admin.firebase.com/v1/projects/one-time-password-3751e  
  
 Thu Jan 25 2018 21:54:16 GMT+0200 (EET)
[debug] [2018-01-25T19:54:20.395Z] <<< HTTP RESPONSE 200
[debug] [2018-01-25T19:54:20.397Z] >>> HTTP REQUEST GET https://admin.firebase.com/v1/database/one-time-password-3751e/tokens  
  
 Thu Jan 25 2018 21:54:20 GMT+0200 (EET)
[debug] [2018-01-25T19:54:23.375Z] <<< HTTP RESPONSE 200
[info] 
[info] === Deploying to 'one-time-password-3751e'...
[info] 
[info] i  deploying functions
[info] Running command: npm --prefix $RESOURCE_DIR run lint
[info] ✔  functions: Finished running predeploy script.
[debug] [2018-01-25T19:54:28.281Z] > [functions] package.json contents: {
  "name": "functions",
  "description": "Cloud Functions for Firebase",
  "scripts": {
    "lint": "./node_modules/.bin/eslint .",
    "serve": "firebase serve --only functions",
    "shell": "firebase experimental:functions:shell",
    "start": "npm run shell",
    "deploy": "firebase deploy --only functions",
    "logs": "firebase functions:log"
  },
  "dependencies": {
    "firebase-admin": "~5.8.1",
    "firebase-functions": "^0.8.1",
    "twilio": "^3.0.0-rc.13"
  },
  "devDependencies": {
    "eslint": "^4.12.0",
    "eslint-plugin-promise": "^3.6.0"
  },
  "private": true
}
[info] i  functions: ensuring necessary APIs are enabled...
[debug] [2018-01-25T19:54:28.282Z] >>> HTTP REQUEST GET https://servicemanagement.googleapis.com/v1/services/cloudfunctions.googleapis.com/projectSettings/one-time-password-3751e?view=CONSUMER_VIEW  
  
 Thu Jan 25 2018 21:54:28 GMT+0200 (EET)
[debug] [2018-01-25T19:54:28.283Z] >>> HTTP REQUEST GET https://servicemanagement.googleapis.com/v1/services/runtimeconfig.googleapis.com/projectSettings/one-time-password-3751e?view=CONSUMER_VIEW  
  
 Thu Jan 25 2018 21:54:28 GMT+0200 (EET)
[debug] [2018-01-25T19:54:32.737Z] <<< HTTP RESPONSE 200
[debug] [2018-01-25T19:54:33.286Z] <<< HTTP RESPONSE 200
[info] ✔  functions: all necessary APIs are enabled
[debug] [2018-01-25T19:54:33.288Z] >>> HTTP REQUEST GET https://appengine.googleapis.com/v1/apps/one-time-password-3751e  
  
 Thu Jan 25 2018 21:54:33 GMT+0200 (EET)
[debug] [2018-01-25T19:54:33.289Z] >>> HTTP REQUEST GET https://apikeys.googleapis.com/v1/projects/one-time-password-3751e/apiKeys  
  
 Thu Jan 25 2018 21:54:33 GMT+0200 (EET)
[debug] [2018-01-25T19:54:36.934Z] <<< HTTP RESPONSE 200
[debug] [2018-01-25T19:54:37.020Z] <<< HTTP RESPONSE 200
[info] i  functions: preparing functions directory for uploading...
[info] i  functions: packaged functions (42.63 KB) for uploading
[debug] [2018-01-25T19:54:37.576Z] >>> HTTP REQUEST GET https://www.googleapis.com/storage/v1/b/staging.one-time-password-3751e.appspot.com  
  
 Thu Jan 25 2018 21:54:37 GMT+0200 (EET)
[debug] [2018-01-25T19:54:40.922Z] <<< HTTP RESPONSE 200
[debug] [2018-01-25T19:54:40.924Z] >>> HTTP REQUEST POST https://www.googleapis.com/upload/storage/v1/b/staging.one-time-password-3751e.appspot.com/o?uploadType=media&name=firebase-functions-source  
 ReadStream {
  _readableState: 
   ReadableState {
     objectMode: false,
     highWaterMark: 65536,
     buffer: BufferList { head: [Object], tail: [Object], length: 1 },
     length: 43658,
     pipes: null,
     pipesCount: 0,
     flowing: null,
     ended: true,
     endEmitted: false,
     reading: false,
     sync: false,
     needReadable: false,
     emittedReadable: true,
     readableListening: false,
     resumeScheduled: false,
     destroyed: false,
     defaultEncoding: 'utf8',
     awaitDrain: 0,
     readingMore: false,
     decoder: null,
     encoding: null },
  readable: true,
  domain: null,
  _events: { end: [Function] },
  _eventsCount: 1,
  _maxListeners: undefined,
  path: '/tmp/firebase-functions-1733509n7ZWe6OMvk.zip',
  fd: 15,
  flags: 'r',
  mode: 438,
  start: undefined,
  end: undefined,
  autoClose: true,
  pos: undefined,
  bytesRead: 43658 } 
 Thu Jan 25 2018 21:54:40 GMT+0200 (EET)
[debug] [2018-01-25T19:54:45.529Z] <<< HTTP RESPONSE 200
[info] ✔  functions: functions folder uploaded successfully
[debug] [2018-01-25T19:54:45.533Z] >>> HTTP REQUEST GET https://cloudfunctions.googleapis.com/v1/projects/one-time-password-3751e/locations/us-central1/functions  
  
 Thu Jan 25 2018 21:54:45 GMT+0200 (EET)
[debug] [2018-01-25T19:54:48.769Z] <<< HTTP RESPONSE 200
[info] i  functions: updating function createUser...
[debug] [2018-01-25T19:54:48.775Z] Trigger is:  {"httpsTrigger":{}}
[info] i  functions: updating function requestOneTimePassword...
[debug] [2018-01-25T19:54:48.775Z] Trigger is:  {"httpsTrigger":{}}
[info] i  functions: updating function verifyOneTimePassword...
[debug] [2018-01-25T19:54:48.776Z] Trigger is:  {"httpsTrigger":{}}
[debug] [2018-01-25T19:54:48.780Z] >>> HTTP REQUEST PATCH https://cloudfunctions.googleapis.com/v1/projects/one-time-password-3751e/locations/us-central1/functions/createUser 
query params: {"updateMask":"sourceArchiveUrl,name,labels,httpsTrigger"} 
 { sourceArchiveUrl: 'gs://staging.one-time-password-3751e.appspot.com/firebase-functions-source',
  name: 'projects/one-time-password-3751e/locations/us-central1/functions/createUser',
  labels: { 'deployment-tool': 'cli-firebase' },
  httpsTrigger: {} } 
 Thu Jan 25 2018 21:54:48 GMT+0200 (EET)
[debug] [2018-01-25T19:54:48.785Z] >>> HTTP REQUEST PATCH https://cloudfunctions.googleapis.com/v1/projects/one-time-password-3751e/locations/us-central1/functions/requestOneTimePassword 
query params: {"updateMask":"sourceArchiveUrl,name,labels,httpsTrigger"} 
 { sourceArchiveUrl: 'gs://staging.one-time-password-3751e.appspot.com/firebase-functions-source',
  name: 'projects/one-time-password-3751e/locations/us-central1/functions/requestOneTimePassword',
  labels: { 'deployment-tool': 'cli-firebase' },
  httpsTrigger: {} } 
 Thu Jan 25 2018 21:54:48 GMT+0200 (EET)
[debug] [2018-01-25T19:54:48.787Z] >>> HTTP REQUEST PATCH https://cloudfunctions.googleapis.com/v1/projects/one-time-password-3751e/locations/us-central1/functions/verifyOneTimePassword 
query params: {"updateMask":"sourceArchiveUrl,name,labels,httpsTrigger"} 
 { sourceArchiveUrl: 'gs://staging.one-time-password-3751e.appspot.com/firebase-functions-source',
  name: 'projects/one-time-password-3751e/locations/us-central1/functions/verifyOneTimePassword',
  labels: { 'deployment-tool': 'cli-firebase' },
  httpsTrigger: {} } 
 Thu Jan 25 2018 21:54:48 GMT+0200 (EET)
[debug] [2018-01-25T19:54:51.364Z] <<< HTTP RESPONSE 200
[debug] [2018-01-25T19:54:51.380Z] <<< HTTP RESPONSE 200
[debug] [2018-01-25T19:54:51.454Z] <<< HTTP RESPONSE 200
[debug] [2018-01-25T19:54:51.458Z] >>> HTTP REQUEST GET https://cloudfunctions.googleapis.com/v1/projects/one-time-password-3751e/locations/us-central1/functions  
  
 Thu Jan 25 2018 21:54:51 GMT+0200 (EET)
[debug] [2018-01-25T19:54:53.794Z] <<< HTTP RESPONSE 200
[debug] [2018-01-25T19:54:53.798Z] >>> HTTP REQUEST GET https://cloudfunctions.googleapis.com/v1/operations/b25lLXRpbWUtcGFzc3dvcmQtMzc1MWUvdXMtY2VudHJhbDEvY3JlYXRlVXNlci9UZ2VxRU82SlJxWQ  
  
 Thu Jan 25 2018 21:54:53 GMT+0200 (EET)
[debug] [2018-01-25T19:54:53.798Z] >>> HTTP REQUEST GET https://cloudfunctions.googleapis.com/v1/operations/b25lLXRpbWUtcGFzc3dvcmQtMzc1MWUvdXMtY2VudHJhbDEvcmVxdWVzdE9uZVRpbWVQYXNzd29yZC9HSmZvdHUyVWtnRQ  
  
 Thu Jan 25 2018 21:54:53 GMT+0200 (EET)
[debug] [2018-01-25T19:54:53.799Z] >>> HTTP REQUEST GET https://cloudfunctions.googleapis.com/v1/operations/b25lLXRpbWUtcGFzc3dvcmQtMzc1MWUvdXMtY2VudHJhbDEvdmVyaWZ5T25lVGltZVBhc3N3b3JkL1V0WksxWU1KNFFn  
  
 Thu Jan 25 2018 21:54:53 GMT+0200 (EET)
[debug] [2018-01-25T19:54:56.539Z] <<< HTTP RESPONSE 200
[debug] [2018-01-25T19:54:56.624Z] <<< HTTP RESPONSE 200
[debug] [2018-01-25T19:54:56.674Z] <<< HTTP RESPONSE 200
[debug] [2018-01-25T19:54:58.542Z] >>> HTTP REQUEST GET https://cloudfunctions.googleapis.com/v1/operations/b25lLXRpbWUtcGFzc3dvcmQtMzc1MWUvdXMtY2VudHJhbDEvY3JlYXRlVXNlci9UZ2VxRU82SlJxWQ  
  
 Thu Jan 25 2018 21:54:58 GMT+0200 (EET)
[debug] [2018-01-25T19:54:58.624Z] >>> HTTP REQUEST GET https://cloudfunctions.googleapis.com/v1/operations/b25lLXRpbWUtcGFzc3dvcmQtMzc1MWUvdXMtY2VudHJhbDEvcmVxdWVzdE9uZVRpbWVQYXNzd29yZC9HSmZvdHUyVWtnRQ  
  
 Thu Jan 25 2018 21:54:58 GMT+0200 (EET)
[debug] [2018-01-25T19:54:58.675Z] >>> HTTP REQUEST GET https://cloudfunctions.googleapis.com/v1/operations/b25lLXRpbWUtcGFzc3dvcmQtMzc1MWUvdXMtY2VudHJhbDEvdmVyaWZ5T25lVGltZVBhc3N3b3JkL1V0WksxWU1KNFFn  
  
 Thu Jan 25 2018 21:54:58 GMT+0200 (EET)
[debug] [2018-01-25T19:55:01.086Z] <<< HTTP RESPONSE 200
[debug] [2018-01-25T19:55:01.109Z] <<< HTTP RESPONSE 200
[debug] [2018-01-25T19:55:01.301Z] <<< HTTP RESPONSE 200
[debug] [2018-01-25T19:55:03.089Z] >>> HTTP REQUEST GET https://cloudfunctions.googleapis.com/v1/operations/b25lLXRpbWUtcGFzc3dvcmQtMzc1MWUvdXMtY2VudHJhbDEvY3JlYXRlVXNlci9UZ2VxRU82SlJxWQ  
  
 Thu Jan 25 2018 21:55:03 GMT+0200 (EET)
[debug] [2018-01-25T19:55:03.109Z] >>> HTTP REQUEST GET https://cloudfunctions.googleapis.com/v1/operations/b25lLXRpbWUtcGFzc3dvcmQtMzc1MWUvdXMtY2VudHJhbDEvcmVxdWVzdE9uZVRpbWVQYXNzd29yZC9HSmZvdHUyVWtnRQ  
  
 Thu Jan 25 2018 21:55:03 GMT+0200 (EET)
[debug] [2018-01-25T19:55:03.303Z] >>> HTTP REQUEST GET https://cloudfunctions.googleapis.com/v1/operations/b25lLXRpbWUtcGFzc3dvcmQtMzc1MWUvdXMtY2VudHJhbDEvdmVyaWZ5T25lVGltZVBhc3N3b3JkL1V0WksxWU1KNFFn  
  
 Thu Jan 25 2018 21:55:03 GMT+0200 (EET)
[debug] [2018-01-25T19:55:05.968Z] <<< HTTP RESPONSE 200
[debug] [2018-01-25T19:55:06.091Z] <<< HTTP RESPONSE 200
[debug] [2018-01-25T19:55:06.110Z] <<< HTTP RESPONSE 200
[debug] [2018-01-25T19:55:07.970Z] >>> HTTP REQUEST GET https://cloudfunctions.googleapis.com/v1/operations/b25lLXRpbWUtcGFzc3dvcmQtMzc1MWUvdXMtY2VudHJhbDEvY3JlYXRlVXNlci9UZ2VxRU82SlJxWQ  
  
 Thu Jan 25 2018 21:55:07 GMT+0200 (EET)
[debug] [2018-01-25T19:55:08.092Z] >>> HTTP REQUEST GET https://cloudfunctions.googleapis.com/v1/operations/b25lLXRpbWUtcGFzc3dvcmQtMzc1MWUvdXMtY2VudHJhbDEvcmVxdWVzdE9uZVRpbWVQYXNzd29yZC9HSmZvdHUyVWtnRQ  
  
 Thu Jan 25 2018 21:55:08 GMT+0200 (EET)
[debug] [2018-01-25T19:55:08.110Z] >>> HTTP REQUEST GET https://cloudfunctions.googleapis.com/v1/operations/b25lLXRpbWUtcGFzc3dvcmQtMzc1MWUvdXMtY2VudHJhbDEvdmVyaWZ5T25lVGltZVBhc3N3b3JkL1V0WksxWU1KNFFn  
  
 Thu Jan 25 2018 21:55:08 GMT+0200 (EET)
[debug] [2018-01-25T19:55:10.515Z] <<< HTTP RESPONSE 200
[debug] [2018-01-25T19:55:10.729Z] <<< HTTP RESPONSE 200
[debug] [2018-01-25T19:55:10.911Z] <<< HTTP RESPONSE 200
[debug] [2018-01-25T19:55:12.516Z] >>> HTTP REQUEST GET https://cloudfunctions.googleapis.com/v1/operations/b25lLXRpbWUtcGFzc3dvcmQtMzc1MWUvdXMtY2VudHJhbDEvY3JlYXRlVXNlci9UZ2VxRU82SlJxWQ  
  
 Thu Jan 25 2018 21:55:12 GMT+0200 (EET)
[debug] [2018-01-25T19:55:12.730Z] >>> HTTP REQUEST GET https://cloudfunctions.googleapis.com/v1/operations/b25lLXRpbWUtcGFzc3dvcmQtMzc1MWUvdXMtY2VudHJhbDEvcmVxdWVzdE9uZVRpbWVQYXNzd29yZC9HSmZvdHUyVWtnRQ  
  
 Thu Jan 25 2018 21:55:12 GMT+0200 (EET)
[debug] [2018-01-25T19:55:12.912Z] >>> HTTP REQUEST GET https://cloudfunctions.googleapis.com/v1/operations/b25lLXRpbWUtcGFzc3dvcmQtMzc1MWUvdXMtY2VudHJhbDEvdmVyaWZ5T25lVGltZVBhc3N3b3JkL1V0WksxWU1KNFFn  
  
 Thu Jan 25 2018 21:55:12 GMT+0200 (EET)
[debug] [2018-01-25T19:55:15.537Z] <<< HTTP RESPONSE 200
[debug] [2018-01-25T19:55:15.690Z] <<< HTTP RESPONSE 200
[debug] [2018-01-25T19:55:15.714Z] <<< HTTP RESPONSE 200
[debug] [2018-01-25T19:55:17.538Z] >>> HTTP REQUEST GET https://cloudfunctions.googleapis.com/v1/operations/b25lLXRpbWUtcGFzc3dvcmQtMzc1MWUvdXMtY2VudHJhbDEvY3JlYXRlVXNlci9UZ2VxRU82SlJxWQ  
  
 Thu Jan 25 2018 21:55:17 GMT+0200 (EET)
[debug] [2018-01-25T19:55:17.692Z] >>> HTTP REQUEST GET https://cloudfunctions.googleapis.com/v1/operations/b25lLXRpbWUtcGFzc3dvcmQtMzc1MWUvdXMtY2VudHJhbDEvcmVxdWVzdE9uZVRpbWVQYXNzd29yZC9HSmZvdHUyVWtnRQ  
  
 Thu Jan 25 2018 21:55:17 GMT+0200 (EET)
[debug] [2018-01-25T19:55:17.716Z] >>> HTTP REQUEST GET https://cloudfunctions.googleapis.com/v1/operations/b25lLXRpbWUtcGFzc3dvcmQtMzc1MWUvdXMtY2VudHJhbDEvdmVyaWZ5T25lVGltZVBhc3N3b3JkL1V0WksxWU1KNFFn  
  
 Thu Jan 25 2018 21:55:17 GMT+0200 (EET)
[debug] [2018-01-25T19:55:20.231Z] <<< HTTP RESPONSE 200
[debug] [2018-01-25T19:55:20.234Z] <<< HTTP RESPONSE 200
[debug] [2018-01-25T19:55:20.460Z] <<< HTTP RESPONSE 200
[debug] [2018-01-25T19:55:22.233Z] >>> HTTP REQUEST GET https://cloudfunctions.googleapis.com/v1/operations/b25lLXRpbWUtcGFzc3dvcmQtMzc1MWUvdXMtY2VudHJhbDEvcmVxdWVzdE9uZVRpbWVQYXNzd29yZC9HSmZvdHUyVWtnRQ  
  
 Thu Jan 25 2018 21:55:22 GMT+0200 (EET)
[debug] [2018-01-25T19:55:22.236Z] >>> HTTP REQUEST GET https://cloudfunctions.googleapis.com/v1/operations/b25lLXRpbWUtcGFzc3dvcmQtMzc1MWUvdXMtY2VudHJhbDEvY3JlYXRlVXNlci9UZ2VxRU82SlJxWQ  
  
 Thu Jan 25 2018 21:55:22 GMT+0200 (EET)
[debug] [2018-01-25T19:55:22.462Z] >>> HTTP REQUEST GET https://cloudfunctions.googleapis.com/v1/operations/b25lLXRpbWUtcGFzc3dvcmQtMzc1MWUvdXMtY2VudHJhbDEvdmVyaWZ5T25lVGltZVBhc3N3b3JkL1V0WksxWU1KNFFn  
  
 Thu Jan 25 2018 21:55:22 GMT+0200 (EET)
[debug] [2018-01-25T19:55:24.893Z] <<< HTTP RESPONSE 200
[debug] [2018-01-25T19:55:24.965Z] <<< HTTP RESPONSE 200
[debug] [2018-01-25T19:55:25.278Z] <<< HTTP RESPONSE 200
[debug] [2018-01-25T19:55:26.896Z] >>> HTTP REQUEST GET https://cloudfunctions.googleapis.com/v1/operations/b25lLXRpbWUtcGFzc3dvcmQtMzc1MWUvdXMtY2VudHJhbDEvcmVxdWVzdE9uZVRpbWVQYXNzd29yZC9HSmZvdHUyVWtnRQ  
  
 Thu Jan 25 2018 21:55:26 GMT+0200 (EET)
[debug] [2018-01-25T19:55:26.966Z] >>> HTTP REQUEST GET https://cloudfunctions.googleapis.com/v1/operations/b25lLXRpbWUtcGFzc3dvcmQtMzc1MWUvdXMtY2VudHJhbDEvY3JlYXRlVXNlci9UZ2VxRU82SlJxWQ  
  
 Thu Jan 25 2018 21:55:26 GMT+0200 (EET)
[debug] [2018-01-25T19:55:27.280Z] >>> HTTP REQUEST GET https://cloudfunctions.googleapis.com/v1/operations/b25lLXRpbWUtcGFzc3dvcmQtMzc1MWUvdXMtY2VudHJhbDEvdmVyaWZ5T25lVGltZVBhc3N3b3JkL1V0WksxWU1KNFFn  
  
 Thu Jan 25 2018 21:55:27 GMT+0200 (EET)
[debug] [2018-01-25T19:55:29.332Z] <<< HTTP RESPONSE 200
[debug] [2018-01-25T19:55:29.382Z] <<< HTTP RESPONSE 200
[debug] [2018-01-25T19:55:30.006Z] <<< HTTP RESPONSE 200
[debug] [2018-01-25T19:55:31.334Z] >>> HTTP REQUEST GET https://cloudfunctions.googleapis.com/v1/operations/b25lLXRpbWUtcGFzc3dvcmQtMzc1MWUvdXMtY2VudHJhbDEvcmVxdWVzdE9uZVRpbWVQYXNzd29yZC9HSmZvdHUyVWtnRQ  
  
 Thu Jan 25 2018 21:55:31 GMT+0200 (EET)
[debug] [2018-01-25T19:55:31.386Z] >>> HTTP REQUEST GET https://cloudfunctions.googleapis.com/v1/operations/b25lLXRpbWUtcGFzc3dvcmQtMzc1MWUvdXMtY2VudHJhbDEvY3JlYXRlVXNlci9UZ2VxRU82SlJxWQ  
  
 Thu Jan 25 2018 21:55:31 GMT+0200 (EET)
[debug] [2018-01-25T19:55:32.007Z] >>> HTTP REQUEST GET https://cloudfunctions.googleapis.com/v1/operations/b25lLXRpbWUtcGFzc3dvcmQtMzc1MWUvdXMtY2VudHJhbDEvdmVyaWZ5T25lVGltZVBhc3N3b3JkL1V0WksxWU1KNFFn  
  
 Thu Jan 25 2018 21:55:32 GMT+0200 (EET)
[debug] [2018-01-25T19:55:33.358Z] <<< HTTP RESPONSE 200
[info] ✔  functions[requestOneTimePassword]: Successful update operation. 
[info] Function URL (requestOneTimePassword): https://us-central1-one-time-password-3751e.cloudfunctions.net/requestOneTimePassword
[debug] [2018-01-25T19:55:33.366Z] <<< HTTP RESPONSE 200
[debug] [2018-01-25T19:55:34.689Z] <<< HTTP RESPONSE 200
[debug] [2018-01-25T19:55:35.367Z] >>> HTTP REQUEST GET https://cloudfunctions.googleapis.com/v1/operations/b25lLXRpbWUtcGFzc3dvcmQtMzc1MWUvdXMtY2VudHJhbDEvY3JlYXRlVXNlci9UZ2VxRU82SlJxWQ  
  
 Thu Jan 25 2018 21:55:35 GMT+0200 (EET)
[debug] [2018-01-25T19:55:36.690Z] >>> HTTP REQUEST GET https://cloudfunctions.googleapis.com/v1/operations/b25lLXRpbWUtcGFzc3dvcmQtMzc1MWUvdXMtY2VudHJhbDEvdmVyaWZ5T25lVGltZVBhc3N3b3JkL1V0WksxWU1KNFFn  
  
 Thu Jan 25 2018 21:55:36 GMT+0200 (EET)
[debug] [2018-01-25T19:55:38.123Z] <<< HTTP RESPONSE 200
[debug] [2018-01-25T19:55:39.476Z] <<< HTTP RESPONSE 200
[debug] [2018-01-25T19:55:40.125Z] >>> HTTP REQUEST GET https://cloudfunctions.googleapis.com/v1/operations/b25lLXRpbWUtcGFzc3dvcmQtMzc1MWUvdXMtY2VudHJhbDEvY3JlYXRlVXNlci9UZ2VxRU82SlJxWQ  
  
 Thu Jan 25 2018 21:55:40 GMT+0200 (EET)
[debug] [2018-01-25T19:55:41.477Z] >>> HTTP REQUEST GET https://cloudfunctions.googleapis.com/v1/operations/b25lLXRpbWUtcGFzc3dvcmQtMzc1MWUvdXMtY2VudHJhbDEvdmVyaWZ5T25lVGltZVBhc3N3b3JkL1V0WksxWU1KNFFn  
  
 Thu Jan 25 2018 21:55:41 GMT+0200 (EET)
[debug] [2018-01-25T19:55:42.403Z] <<< HTTP RESPONSE 200
[debug] [2018-01-25T19:55:43.726Z] <<< HTTP RESPONSE 200
[debug] [2018-01-25T19:55:44.404Z] >>> HTTP REQUEST GET https://cloudfunctions.googleapis.com/v1/operations/b25lLXRpbWUtcGFzc3dvcmQtMzc1MWUvdXMtY2VudHJhbDEvY3JlYXRlVXNlci9UZ2VxRU82SlJxWQ  
  
 Thu Jan 25 2018 21:55:44 GMT+0200 (EET)
[debug] [2018-01-25T19:55:45.727Z] >>> HTTP REQUEST GET https://cloudfunctions.googleapis.com/v1/operations/b25lLXRpbWUtcGFzc3dvcmQtMzc1MWUvdXMtY2VudHJhbDEvdmVyaWZ5T25lVGltZVBhc3N3b3JkL1V0WksxWU1KNFFn  
  
 Thu Jan 25 2018 21:55:45 GMT+0200 (EET)
[debug] [2018-01-25T19:55:47.225Z] <<< HTTP RESPONSE 200
[debug] [2018-01-25T19:55:48.361Z] <<< HTTP RESPONSE 200
[debug] [2018-01-25T19:55:49.226Z] >>> HTTP REQUEST GET https://cloudfunctions.googleapis.com/v1/operations/b25lLXRpbWUtcGFzc3dvcmQtMzc1MWUvdXMtY2VudHJhbDEvY3JlYXRlVXNlci9UZ2VxRU82SlJxWQ  
  
 Thu Jan 25 2018 21:55:49 GMT+0200 (EET)
[debug] [2018-01-25T19:55:50.362Z] >>> HTTP REQUEST GET https://cloudfunctions.googleapis.com/v1/operations/b25lLXRpbWUtcGFzc3dvcmQtMzc1MWUvdXMtY2VudHJhbDEvdmVyaWZ5T25lVGltZVBhc3N3b3JkL1V0WksxWU1KNFFn  
  
 Thu Jan 25 2018 21:55:50 GMT+0200 (EET)
[debug] [2018-01-25T19:55:51.996Z] <<< HTTP RESPONSE 200
[debug] [2018-01-25T19:55:53.044Z] <<< HTTP RESPONSE 200
[info] ✔  functions[verifyOneTimePassword]: Successful update operation. 
[info] Function URL (verifyOneTimePassword): https://us-central1-one-time-password-3751e.cloudfunctions.net/verifyOneTimePassword
[debug] [2018-01-25T19:55:53.997Z] >>> HTTP REQUEST GET https://cloudfunctions.googleapis.com/v1/operations/b25lLXRpbWUtcGFzc3dvcmQtMzc1MWUvdXMtY2VudHJhbDEvY3JlYXRlVXNlci9UZ2VxRU82SlJxWQ  
  
 Thu Jan 25 2018 21:55:53 GMT+0200 (EET)
[debug] [2018-01-25T19:55:56.662Z] <<< HTTP RESPONSE 200
[debug] [2018-01-25T19:55:58.665Z] >>> HTTP REQUEST GET https://cloudfunctions.googleapis.com/v1/operations/b25lLXRpbWUtcGFzc3dvcmQtMzc1MWUvdXMtY2VudHJhbDEvY3JlYXRlVXNlci9UZ2VxRU82SlJxWQ  
  
 Thu Jan 25 2018 21:55:58 GMT+0200 (EET)
[debug] [2018-01-25T19:56:00.895Z] <<< HTTP RESPONSE 200
[debug] [2018-01-25T19:56:02.898Z] >>> HTTP REQUEST GET https://cloudfunctions.googleapis.com/v1/operations/b25lLXRpbWUtcGFzc3dvcmQtMzc1MWUvdXMtY2VudHJhbDEvY3JlYXRlVXNlci9UZ2VxRU82SlJxWQ  
  
 Thu Jan 25 2018 21:56:02 GMT+0200 (EET)
[debug] [2018-01-25T19:56:05.796Z] <<< HTTP RESPONSE 200
[debug] [2018-01-25T19:56:07.799Z] >>> HTTP REQUEST GET https://cloudfunctions.googleapis.com/v1/operations/b25lLXRpbWUtcGFzc3dvcmQtMzc1MWUvdXMtY2VudHJhbDEvY3JlYXRlVXNlci9UZ2VxRU82SlJxWQ  
  
 Thu Jan 25 2018 21:56:07 GMT+0200 (EET)
[debug] [2018-01-25T19:56:10.464Z] <<< HTTP RESPONSE 200
[debug] [2018-01-25T19:56:12.467Z] >>> HTTP REQUEST GET https://cloudfunctions.googleapis.com/v1/operations/b25lLXRpbWUtcGFzc3dvcmQtMzc1MWUvdXMtY2VudHJhbDEvY3JlYXRlVXNlci9UZ2VxRU82SlJxWQ  
  
 Thu Jan 25 2018 21:56:12 GMT+0200 (EET)
[debug] [2018-01-25T19:56:15.378Z] <<< HTTP RESPONSE 200
[debug] [2018-01-25T19:56:17.379Z] >>> HTTP REQUEST GET https://cloudfunctions.googleapis.com/v1/operations/b25lLXRpbWUtcGFzc3dvcmQtMzc1MWUvdXMtY2VudHJhbDEvY3JlYXRlVXNlci9UZ2VxRU82SlJxWQ  
  
 Thu Jan 25 2018 21:56:17 GMT+0200 (EET)
[debug] [2018-01-25T19:56:20.002Z] <<< HTTP RESPONSE 200
[debug] [2018-01-25T19:56:22.003Z] >>> HTTP REQUEST GET https://cloudfunctions.googleapis.com/v1/operations/b25lLXRpbWUtcGFzc3dvcmQtMzc1MWUvdXMtY2VudHJhbDEvY3JlYXRlVXNlci9UZ2VxRU82SlJxWQ  
  
 Thu Jan 25 2018 21:56:22 GMT+0200 (EET)
[debug] [2018-01-25T19:56:24.350Z] <<< HTTP RESPONSE 200
[debug] [2018-01-25T19:56:26.353Z] >>> HTTP REQUEST GET https://cloudfunctions.googleapis.com/v1/operations/b25lLXRpbWUtcGFzc3dvcmQtMzc1MWUvdXMtY2VudHJhbDEvY3JlYXRlVXNlci9UZ2VxRU82SlJxWQ  
  
 Thu Jan 25 2018 21:56:26 GMT+0200 (EET)
[debug] [2018-01-25T19:56:29.296Z] <<< HTTP RESPONSE 200
[debug] [2018-01-25T19:56:31.300Z] >>> HTTP REQUEST GET https://cloudfunctions.googleapis.com/v1/operations/b25lLXRpbWUtcGFzc3dvcmQtMzc1MWUvdXMtY2VudHJhbDEvY3JlYXRlVXNlci9UZ2VxRU82SlJxWQ  
  
 Thu Jan 25 2018 21:56:31 GMT+0200 (EET)
[debug] [2018-01-25T19:56:32.765Z] <<< HTTP RESPONSE 200
[debug] [2018-01-25T19:56:34.766Z] >>> HTTP REQUEST GET https://cloudfunctions.googleapis.com/v1/operations/b25lLXRpbWUtcGFzc3dvcmQtMzc1MWUvdXMtY2VudHJhbDEvY3JlYXRlVXNlci9UZ2VxRU82SlJxWQ  
  
 Thu Jan 25 2018 21:56:34 GMT+0200 (EET)
[debug] [2018-01-25T19:56:37.042Z] <<< HTTP RESPONSE 200
[debug] [2018-01-25T19:56:39.045Z] >>> HTTP REQUEST GET https://cloudfunctions.googleapis.com/v1/operations/b25lLXRpbWUtcGFzc3dvcmQtMzc1MWUvdXMtY2VudHJhbDEvY3JlYXRlVXNlci9UZ2VxRU82SlJxWQ  
  
 Thu Jan 25 2018 21:56:39 GMT+0200 (EET)
[debug] [2018-01-25T19:56:41.875Z] <<< HTTP RESPONSE 200
[debug] [2018-01-25T19:56:43.878Z] >>> HTTP REQUEST GET https://cloudfunctions.googleapis.com/v1/operations/b25lLXRpbWUtcGFzc3dvcmQtMzc1MWUvdXMtY2VudHJhbDEvY3JlYXRlVXNlci9UZ2VxRU82SlJxWQ  
  
 Thu Jan 25 2018 21:56:43 GMT+0200 (EET)
[debug] [2018-01-25T19:56:46.701Z] <<< HTTP RESPONSE 200
[debug] [2018-01-25T19:56:48.704Z] >>> HTTP REQUEST GET https://cloudfunctions.googleapis.com/v1/operations/b25lLXRpbWUtcGFzc3dvcmQtMzc1MWUvdXMtY2VudHJhbDEvY3JlYXRlVXNlci9UZ2VxRU82SlJxWQ  
  
 Thu Jan 25 2018 21:56:48 GMT+0200 (EET)
[debug] [2018-01-25T19:56:51.193Z] <<< HTTP RESPONSE 200
[debug] [2018-01-25T19:56:53.194Z] >>> HTTP REQUEST GET https://cloudfunctions.googleapis.com/v1/operations/b25lLXRpbWUtcGFzc3dvcmQtMzc1MWUvdXMtY2VudHJhbDEvY3JlYXRlVXNlci9UZ2VxRU82SlJxWQ  
  
 Thu Jan 25 2018 21:56:53 GMT+0200 (EET)
[debug] [2018-01-25T19:56:55.782Z] <<< HTTP RESPONSE 200
[debug] [2018-01-25T19:56:57.786Z] >>> HTTP REQUEST GET https://cloudfunctions.googleapis.com/v1/operations/b25lLXRpbWUtcGFzc3dvcmQtMzc1MWUvdXMtY2VudHJhbDEvY3JlYXRlVXNlci9UZ2VxRU82SlJxWQ  
  
 Thu Jan 25 2018 21:56:57 GMT+0200 (EET)
[debug] [2018-01-25T19:57:00.387Z] <<< HTTP RESPONSE 200
[debug] [2018-01-25T19:57:02.390Z] >>> HTTP REQUEST GET https://cloudfunctions.googleapis.com/v1/operations/b25lLXRpbWUtcGFzc3dvcmQtMzc1MWUvdXMtY2VudHJhbDEvY3JlYXRlVXNlci9UZ2VxRU82SlJxWQ  
  
 Thu Jan 25 2018 21:57:02 GMT+0200 (EET)
[debug] [2018-01-25T19:57:05.224Z] <<< HTTP RESPONSE 200
[debug] [2018-01-25T19:57:07.226Z] >>> HTTP REQUEST GET https://cloudfunctions.googleapis.com/v1/operations/b25lLXRpbWUtcGFzc3dvcmQtMzc1MWUvdXMtY2VudHJhbDEvY3JlYXRlVXNlci9UZ2VxRU82SlJxWQ  
  
 Thu Jan 25 2018 21:57:07 GMT+0200 (EET)
[debug] [2018-01-25T19:57:09.907Z] <<< HTTP RESPONSE 200
[debug] [2018-01-25T19:57:11.909Z] >>> HTTP REQUEST GET https://cloudfunctions.googleapis.com/v1/operations/b25lLXRpbWUtcGFzc3dvcmQtMzc1MWUvdXMtY2VudHJhbDEvY3JlYXRlVXNlci9UZ2VxRU82SlJxWQ  
  
 Thu Jan 25 2018 21:57:11 GMT+0200 (EET)
[debug] [2018-01-25T19:57:14.495Z] <<< HTTP RESPONSE 200
[debug] [2018-01-25T19:57:16.497Z] >>> HTTP REQUEST GET https://cloudfunctions.googleapis.com/v1/operations/b25lLXRpbWUtcGFzc3dvcmQtMzc1MWUvdXMtY2VudHJhbDEvY3JlYXRlVXNlci9UZ2VxRU82SlJxWQ  
  
 Thu Jan 25 2018 21:57:16 GMT+0200 (EET)
[debug] [2018-01-25T19:57:19.196Z] <<< HTTP RESPONSE 200
[debug] [2018-01-25T19:57:21.199Z] >>> HTTP REQUEST GET https://cloudfunctions.googleapis.com/v1/operations/b25lLXRpbWUtcGFzc3dvcmQtMzc1MWUvdXMtY2VudHJhbDEvY3JlYXRlVXNlci9UZ2VxRU82SlJxWQ  
  
 Thu Jan 25 2018 21:57:21 GMT+0200 (EET)
[debug] [2018-01-25T19:57:23.471Z] <<< HTTP RESPONSE 200
[debug] [2018-01-25T19:57:25.473Z] >>> HTTP REQUEST GET https://cloudfunctions.googleapis.com/v1/operations/b25lLXRpbWUtcGFzc3dvcmQtMzc1MWUvdXMtY2VudHJhbDEvY3JlYXRlVXNlci9UZ2VxRU82SlJxWQ  
  
 Thu Jan 25 2018 21:57:25 GMT+0200 (EET)
[debug] [2018-01-25T19:57:27.856Z] <<< HTTP RESPONSE 200
[debug] [2018-01-25T19:57:29.861Z] >>> HTTP REQUEST GET https://cloudfunctions.googleapis.com/v1/operations/b25lLXRpbWUtcGFzc3dvcmQtMzc1MWUvdXMtY2VudHJhbDEvY3JlYXRlVXNlci9UZ2VxRU82SlJxWQ  
  
 Thu Jan 25 2018 21:57:29 GMT+0200 (EET)
[debug] [2018-01-25T19:57:32.490Z] <<< HTTP RESPONSE 200
[debug] [2018-01-25T19:57:34.493Z] >>> HTTP REQUEST GET https://cloudfunctions.googleapis.com/v1/operations/b25lLXRpbWUtcGFzc3dvcmQtMzc1MWUvdXMtY2VudHJhbDEvY3JlYXRlVXNlci9UZ2VxRU82SlJxWQ  
  
 Thu Jan 25 2018 21:57:34 GMT+0200 (EET)
[debug] [2018-01-25T19:57:37.427Z] <<< HTTP RESPONSE 200
[debug] [2018-01-25T19:57:39.429Z] >>> HTTP REQUEST GET https://cloudfunctions.googleapis.com/v1/operations/b25lLXRpbWUtcGFzc3dvcmQtMzc1MWUvdXMtY2VudHJhbDEvY3JlYXRlVXNlci9UZ2VxRU82SlJxWQ  
  
 Thu Jan 25 2018 21:57:39 GMT+0200 (EET)
[debug] [2018-01-25T19:57:42.305Z] <<< HTTP RESPONSE 200
[debug] [2018-01-25T19:57:44.307Z] >>> HTTP REQUEST GET https://cloudfunctions.googleapis.com/v1/operations/b25lLXRpbWUtcGFzc3dvcmQtMzc1MWUvdXMtY2VudHJhbDEvY3JlYXRlVXNlci9UZ2VxRU82SlJxWQ  
  
 Thu Jan 25 2018 21:57:44 GMT+0200 (EET)
[debug] [2018-01-25T19:57:47.348Z] <<< HTTP RESPONSE 200
[debug] [2018-01-25T19:57:49.351Z] >>> HTTP REQUEST GET https://cloudfunctions.googleapis.com/v1/operations/b25lLXRpbWUtcGFzc3dvcmQtMzc1MWUvdXMtY2VudHJhbDEvY3JlYXRlVXNlci9UZ2VxRU82SlJxWQ  
  
 Thu Jan 25 2018 21:57:49 GMT+0200 (EET)
[debug] [2018-01-25T19:57:52.236Z] <<< HTTP RESPONSE 200
[debug] [2018-01-25T19:57:54.236Z] >>> HTTP REQUEST GET https://cloudfunctions.googleapis.com/v1/operations/b25lLXRpbWUtcGFzc3dvcmQtMzc1MWUvdXMtY2VudHJhbDEvY3JlYXRlVXNlci9UZ2VxRU82SlJxWQ  
  
 Thu Jan 25 2018 21:57:54 GMT+0200 (EET)
[debug] [2018-01-25T19:57:56.967Z] <<< HTTP RESPONSE 200
[debug] [2018-01-25T19:57:58.970Z] >>> HTTP REQUEST GET https://cloudfunctions.googleapis.com/v1/operations/b25lLXRpbWUtcGFzc3dvcmQtMzc1MWUvdXMtY2VudHJhbDEvY3JlYXRlVXNlci9UZ2VxRU82SlJxWQ  
  
 Thu Jan 25 2018 21:57:58 GMT+0200 (EET)
[debug] [2018-01-25T19:58:01.710Z] <<< HTTP RESPONSE 200
[debug] [2018-01-25T19:58:03.713Z] >>> HTTP REQUEST GET https://cloudfunctions.googleapis.com/v1/operations/b25lLXRpbWUtcGFzc3dvcmQtMzc1MWUvdXMtY2VudHJhbDEvY3JlYXRlVXNlci9UZ2VxRU82SlJxWQ  
  
 Thu Jan 25 2018 21:58:03 GMT+0200 (EET)
[debug] [2018-01-25T19:58:06.715Z] <<< HTTP RESPONSE 200
[debug] [2018-01-25T19:58:08.717Z] >>> HTTP REQUEST GET https://cloudfunctions.googleapis.com/v1/operations/b25lLXRpbWUtcGFzc3dvcmQtMzc1MWUvdXMtY2VudHJhbDEvY3JlYXRlVXNlci9UZ2VxRU82SlJxWQ  
  
 Thu Jan 25 2018 21:58:08 GMT+0200 (EET)
[debug] [2018-01-25T19:58:11.552Z] <<< HTTP RESPONSE 200
[debug] [2018-01-25T19:58:13.553Z] >>> HTTP REQUEST GET https://cloudfunctions.googleapis.com/v1/operations/b25lLXRpbWUtcGFzc3dvcmQtMzc1MWUvdXMtY2VudHJhbDEvY3JlYXRlVXNlci9UZ2VxRU82SlJxWQ  
  
 Thu Jan 25 2018 21:58:13 GMT+0200 (EET)
[debug] [2018-01-25T19:58:16.404Z] <<< HTTP RESPONSE 200
[debug] [2018-01-25T19:58:18.408Z] >>> HTTP REQUEST GET https://cloudfunctions.googleapis.com/v1/operations/b25lLXRpbWUtcGFzc3dvcmQtMzc1MWUvdXMtY2VudHJhbDEvY3JlYXRlVXNlci9UZ2VxRU82SlJxWQ  
  
 Thu Jan 25 2018 21:58:18 GMT+0200 (EET)
[debug] [2018-01-25T19:58:21.389Z] <<< HTTP RESPONSE 200
[debug] [2018-01-25T19:58:23.391Z] >>> HTTP REQUEST GET https://cloudfunctions.googleapis.com/v1/operations/b25lLXRpbWUtcGFzc3dvcmQtMzc1MWUvdXMtY2VudHJhbDEvY3JlYXRlVXNlci9UZ2VxRU82SlJxWQ  
  
 Thu Jan 25 2018 21:58:23 GMT+0200 (EET)
[debug] [2018-01-25T19:58:25.903Z] <<< HTTP RESPONSE 200
[debug] [2018-01-25T19:58:27.906Z] >>> HTTP REQUEST GET https://cloudfunctions.googleapis.com/v1/operations/b25lLXRpbWUtcGFzc3dvcmQtMzc1MWUvdXMtY2VudHJhbDEvY3JlYXRlVXNlci9UZ2VxRU82SlJxWQ  
  
 Thu Jan 25 2018 21:58:27 GMT+0200 (EET)
[debug] [2018-01-25T19:58:30.707Z] <<< HTTP RESPONSE 200
[debug] [2018-01-25T19:58:32.709Z] >>> HTTP REQUEST GET https://cloudfunctions.googleapis.com/v1/operations/b25lLXRpbWUtcGFzc3dvcmQtMzc1MWUvdXMtY2VudHJhbDEvY3JlYXRlVXNlci9UZ2VxRU82SlJxWQ  
  
 Thu Jan 25 2018 21:58:32 GMT+0200 (EET)
[debug] [2018-01-25T19:58:35.642Z] <<< HTTP RESPONSE 200
[debug] [2018-01-25T19:58:37.644Z] >>> HTTP REQUEST GET https://cloudfunctions.googleapis.com/v1/operations/b25lLXRpbWUtcGFzc3dvcmQtMzc1MWUvdXMtY2VudHJhbDEvY3JlYXRlVXNlci9UZ2VxRU82SlJxWQ  
  
 Thu Jan 25 2018 21:58:37 GMT+0200 (EET)
[debug] [2018-01-25T19:58:40.597Z] <<< HTTP RESPONSE 200
[debug] [2018-01-25T19:58:42.599Z] >>> HTTP REQUEST GET https://cloudfunctions.googleapis.com/v1/operations/b25lLXRpbWUtcGFzc3dvcmQtMzc1MWUvdXMtY2VudHJhbDEvY3JlYXRlVXNlci9UZ2VxRU82SlJxWQ  
  
 Thu Jan 25 2018 21:58:42 GMT+0200 (EET)
[debug] [2018-01-25T19:58:45.420Z] <<< HTTP RESPONSE 200
[debug] [2018-01-25T19:58:47.422Z] >>> HTTP REQUEST GET https://cloudfunctions.googleapis.com/v1/operations/b25lLXRpbWUtcGFzc3dvcmQtMzc1MWUvdXMtY2VudHJhbDEvY3JlYXRlVXNlci9UZ2VxRU82SlJxWQ  
  
 Thu Jan 25 2018 21:58:47 GMT+0200 (EET)
[debug] [2018-01-25T19:58:51.074Z] <<< HTTP RESPONSE 200
[debug] [2018-01-25T19:58:53.077Z] >>> HTTP REQUEST GET https://cloudfunctions.googleapis.com/v1/operations/b25lLXRpbWUtcGFzc3dvcmQtMzc1MWUvdXMtY2VudHJhbDEvY3JlYXRlVXNlci9UZ2VxRU82SlJxWQ  
  
 Thu Jan 25 2018 21:58:53 GMT+0200 (EET)
[debug] [2018-01-25T19:58:55.813Z] <<< HTTP RESPONSE 200
[debug] [2018-01-25T19:58:57.814Z] >>> HTTP REQUEST GET https://cloudfunctions.googleapis.com/v1/operations/b25lLXRpbWUtcGFzc3dvcmQtMzc1MWUvdXMtY2VudHJhbDEvY3JlYXRlVXNlci9UZ2VxRU82SlJxWQ  
  
 Thu Jan 25 2018 21:58:57 GMT+0200 (EET)
[debug] [2018-01-25T19:59:00.414Z] <<< HTTP RESPONSE 200
[debug] [2018-01-25T19:59:02.417Z] >>> HTTP REQUEST GET https://cloudfunctions.googleapis.com/v1/operations/b25lLXRpbWUtcGFzc3dvcmQtMzc1MWUvdXMtY2VudHJhbDEvY3JlYXRlVXNlci9UZ2VxRU82SlJxWQ  
  
 Thu Jan 25 2018 21:59:02 GMT+0200 (EET)
[debug] [2018-01-25T19:59:05.303Z] <<< HTTP RESPONSE 200
[debug] [2018-01-25T19:59:07.306Z] >>> HTTP REQUEST GET https://cloudfunctions.googleapis.com/v1/operations/b25lLXRpbWUtcGFzc3dvcmQtMzc1MWUvdXMtY2VudHJhbDEvY3JlYXRlVXNlci9UZ2VxRU82SlJxWQ  
  
 Thu Jan 25 2018 21:59:07 GMT+0200 (EET)
[debug] [2018-01-25T19:59:09.821Z] <<< HTTP RESPONSE 200
[debug] [2018-01-25T19:59:11.823Z] >>> HTTP REQUEST GET https://cloudfunctions.googleapis.com/v1/operations/b25lLXRpbWUtcGFzc3dvcmQtMzc1MWUvdXMtY2VudHJhbDEvY3JlYXRlVXNlci9UZ2VxRU82SlJxWQ  
  
 Thu Jan 25 2018 21:59:11 GMT+0200 (EET)
[debug] [2018-01-25T19:59:14.530Z] <<< HTTP RESPONSE 200
[debug] [2018-01-25T19:59:16.532Z] >>> HTTP REQUEST GET https://cloudfunctions.googleapis.com/v1/operations/b25lLXRpbWUtcGFzc3dvcmQtMzc1MWUvdXMtY2VudHJhbDEvY3JlYXRlVXNlci9UZ2VxRU82SlJxWQ  
  
 Thu Jan 25 2018 21:59:16 GMT+0200 (EET)
[debug] [2018-01-25T19:59:19.265Z] <<< HTTP RESPONSE 200
[debug] [2018-01-25T19:59:21.268Z] >>> HTTP REQUEST GET https://cloudfunctions.googleapis.com/v1/operations/b25lLXRpbWUtcGFzc3dvcmQtMzc1MWUvdXMtY2VudHJhbDEvY3JlYXRlVXNlci9UZ2VxRU82SlJxWQ  
  
 Thu Jan 25 2018 21:59:21 GMT+0200 (EET)
[debug] [2018-01-25T19:59:23.909Z] <<< HTTP RESPONSE 200
[debug] [2018-01-25T19:59:25.912Z] >>> HTTP REQUEST GET https://cloudfunctions.googleapis.com/v1/operations/b25lLXRpbWUtcGFzc3dvcmQtMzc1MWUvdXMtY2VudHJhbDEvY3JlYXRlVXNlci9UZ2VxRU82SlJxWQ  
  
 Thu Jan 25 2018 21:59:25 GMT+0200 (EET)
[debug] [2018-01-25T19:59:28.752Z] <<< HTTP RESPONSE 200
[debug] [2018-01-25T19:59:30.754Z] >>> HTTP REQUEST GET https://cloudfunctions.googleapis.com/v1/operations/b25lLXRpbWUtcGFzc3dvcmQtMzc1MWUvdXMtY2VudHJhbDEvY3JlYXRlVXNlci9UZ2VxRU82SlJxWQ  
  
 Thu Jan 25 2018 21:59:30 GMT+0200 (EET)
[debug] [2018-01-25T19:59:33.465Z] <<< HTTP RESPONSE 200
[debug] [2018-01-25T19:59:35.467Z] >>> HTTP REQUEST GET https://cloudfunctions.googleapis.com/v1/operations/b25lLXRpbWUtcGFzc3dvcmQtMzc1MWUvdXMtY2VudHJhbDEvY3JlYXRlVXNlci9UZ2VxRU82SlJxWQ  
  
 Thu Jan 25 2018 21:59:35 GMT+0200 (EET)
[debug] [2018-01-25T19:59:39.286Z] <<< HTTP RESPONSE 200
[debug] [2018-01-25T19:59:41.289Z] >>> HTTP REQUEST GET https://cloudfunctions.googleapis.com/v1/operations/b25lLXRpbWUtcGFzc3dvcmQtMzc1MWUvdXMtY2VudHJhbDEvY3JlYXRlVXNlci9UZ2VxRU82SlJxWQ  
  
 Thu Jan 25 2018 21:59:41 GMT+0200 (EET)
[debug] [2018-01-25T19:59:44.144Z] <<< HTTP RESPONSE 200
[debug] [2018-01-25T19:59:46.147Z] >>> HTTP REQUEST GET https://cloudfunctions.googleapis.com/v1/operations/b25lLXRpbWUtcGFzc3dvcmQtMzc1MWUvdXMtY2VudHJhbDEvY3JlYXRlVXNlci9UZ2VxRU82SlJxWQ  
  
 Thu Jan 25 2018 21:59:46 GMT+0200 (EET)
[debug] [2018-01-25T19:59:48.937Z] <<< HTTP RESPONSE 200
[debug] [2018-01-25T19:59:50.940Z] >>> HTTP REQUEST GET https://cloudfunctions.googleapis.com/v1/operations/b25lLXRpbWUtcGFzc3dvcmQtMzc1MWUvdXMtY2VudHJhbDEvY3JlYXRlVXNlci9UZ2VxRU82SlJxWQ  
  
 Thu Jan 25 2018 21:59:50 GMT+0200 (EET)
[debug] [2018-01-25T19:59:53.863Z] <<< HTTP RESPONSE 200
[debug] [2018-01-25T19:59:55.866Z] >>> HTTP REQUEST GET https://cloudfunctions.googleapis.com/v1/operations/b25lLXRpbWUtcGFzc3dvcmQtMzc1MWUvdXMtY2VudHJhbDEvY3JlYXRlVXNlci9UZ2VxRU82SlJxWQ  
  
 Thu Jan 25 2018 21:59:55 GMT+0200 (EET)
[debug] [2018-01-25T19:59:58.710Z] <<< HTTP RESPONSE 200
[debug] [2018-01-25T20:00:00.711Z] >>> HTTP REQUEST GET https://cloudfunctions.googleapis.com/v1/operations/b25lLXRpbWUtcGFzc3dvcmQtMzc1MWUvdXMtY2VudHJhbDEvY3JlYXRlVXNlci9UZ2VxRU82SlJxWQ  
  
 Thu Jan 25 2018 22:00:00 GMT+0200 (EET)
[debug] [2018-01-25T20:00:03.728Z] <<< HTTP RESPONSE 200
[debug] [2018-01-25T20:00:05.729Z] >>> HTTP REQUEST GET https://cloudfunctions.googleapis.com/v1/operations/b25lLXRpbWUtcGFzc3dvcmQtMzc1MWUvdXMtY2VudHJhbDEvY3JlYXRlVXNlci9UZ2VxRU82SlJxWQ  
  
 Thu Jan 25 2018 22:00:05 GMT+0200 (EET)
[debug] [2018-01-25T20:00:08.519Z] <<< HTTP RESPONSE 200
[debug] [2018-01-25T20:00:10.521Z] >>> HTTP REQUEST GET https://cloudfunctions.googleapis.com/v1/operations/b25lLXRpbWUtcGFzc3dvcmQtMzc1MWUvdXMtY2VudHJhbDEvY3JlYXRlVXNlci9UZ2VxRU82SlJxWQ  
  
 Thu Jan 25 2018 22:00:10 GMT+0200 (EET)
[debug] [2018-01-25T20:00:13.345Z] <<< HTTP RESPONSE 200
[debug] [2018-01-25T20:00:15.347Z] >>> HTTP REQUEST GET https://cloudfunctions.googleapis.com/v1/operations/b25lLXRpbWUtcGFzc3dvcmQtMzc1MWUvdXMtY2VudHJhbDEvY3JlYXRlVXNlci9UZ2VxRU82SlJxWQ  
  
 Thu Jan 25 2018 22:00:15 GMT+0200 (EET)
[debug] [2018-01-25T20:00:18.118Z] <<< HTTP RESPONSE 200
[debug] [2018-01-25T20:00:20.121Z] >>> HTTP REQUEST GET https://cloudfunctions.googleapis.com/v1/operations/b25lLXRpbWUtcGFzc3dvcmQtMzc1MWUvdXMtY2VudHJhbDEvY3JlYXRlVXNlci9UZ2VxRU82SlJxWQ  
  
 Thu Jan 25 2018 22:00:20 GMT+0200 (EET)
[debug] [2018-01-25T20:00:22.916Z] <<< HTTP RESPONSE 200
[debug] [2018-01-25T20:00:24.918Z] >>> HTTP REQUEST GET https://cloudfunctions.googleapis.com/v1/operations/b25lLXRpbWUtcGFzc3dvcmQtMzc1MWUvdXMtY2VudHJhbDEvY3JlYXRlVXNlci9UZ2VxRU82SlJxWQ  
  
 Thu Jan 25 2018 22:00:24 GMT+0200 (EET)
[debug] [2018-01-25T20:00:27.842Z] <<< HTTP RESPONSE 200
[debug] [2018-01-25T20:00:29.847Z] >>> HTTP REQUEST GET https://cloudfunctions.googleapis.com/v1/operations/b25lLXRpbWUtcGFzc3dvcmQtMzc1MWUvdXMtY2VudHJhbDEvY3JlYXRlVXNlci9UZ2VxRU82SlJxWQ  
  
 Thu Jan 25 2018 22:00:29 GMT+0200 (EET)
[debug] [2018-01-25T20:00:32.736Z] <<< HTTP RESPONSE 200
[debug] [2018-01-25T20:00:34.738Z] >>> HTTP REQUEST GET https://cloudfunctions.googleapis.com/v1/operations/b25lLXRpbWUtcGFzc3dvcmQtMzc1MWUvdXMtY2VudHJhbDEvY3JlYXRlVXNlci9UZ2VxRU82SlJxWQ  
  
 Thu Jan 25 2018 22:00:34 GMT+0200 (EET)
[debug] [2018-01-25T20:00:37.626Z] <<< HTTP RESPONSE 200
[debug] [2018-01-25T20:00:39.629Z] >>> HTTP REQUEST GET https://cloudfunctions.googleapis.com/v1/operations/b25lLXRpbWUtcGFzc3dvcmQtMzc1MWUvdXMtY2VudHJhbDEvY3JlYXRlVXNlci9UZ2VxRU82SlJxWQ  
  
 Thu Jan 25 2018 22:00:39 GMT+0200 (EET)
[debug] [2018-01-25T20:00:42.237Z] <<< HTTP RESPONSE 200
[debug] [2018-01-25T20:00:44.239Z] >>> HTTP REQUEST GET https://cloudfunctions.googleapis.com/v1/operations/b25lLXRpbWUtcGFzc3dvcmQtMzc1MWUvdXMtY2VudHJhbDEvY3JlYXRlVXNlci9UZ2VxRU82SlJxWQ  
  
 Thu Jan 25 2018 22:00:44 GMT+0200 (EET)
[debug] [2018-01-25T20:00:47.012Z] <<< HTTP RESPONSE 200
[debug] [2018-01-25T20:00:49.013Z] >>> HTTP REQUEST GET https://cloudfunctions.googleapis.com/v1/operations/b25lLXRpbWUtcGFzc3dvcmQtMzc1MWUvdXMtY2VudHJhbDEvY3JlYXRlVXNlci9UZ2VxRU82SlJxWQ  
  
 Thu Jan 25 2018 22:00:49 GMT+0200 (EET)
[debug] [2018-01-25T20:00:51.796Z] <<< HTTP RESPONSE 200
[debug] [2018-01-25T20:00:53.799Z] >>> HTTP REQUEST GET https://cloudfunctions.googleapis.com/v1/operations/b25lLXRpbWUtcGFzc3dvcmQtMzc1MWUvdXMtY2VudHJhbDEvY3JlYXRlVXNlci9UZ2VxRU82SlJxWQ  
  
 Thu Jan 25 2018 22:00:53 GMT+0200 (EET)
[debug] [2018-01-25T20:00:55.939Z] <<< HTTP RESPONSE 200
[debug] [2018-01-25T20:00:57.942Z] >>> HTTP REQUEST GET https://cloudfunctions.googleapis.com/v1/operations/b25lLXRpbWUtcGFzc3dvcmQtMzc1MWUvdXMtY2VudHJhbDEvY3JlYXRlVXNlci9UZ2VxRU82SlJxWQ  
  
 Thu Jan 25 2018 22:00:57 GMT+0200 (EET)
[debug] [2018-01-25T20:01:00.584Z] <<< HTTP RESPONSE 200
[debug] [2018-01-25T20:01:02.587Z] >>> HTTP REQUEST GET https://cloudfunctions.googleapis.com/v1/operations/b25lLXRpbWUtcGFzc3dvcmQtMzc1MWUvdXMtY2VudHJhbDEvY3JlYXRlVXNlci9UZ2VxRU82SlJxWQ  
  
 Thu Jan 25 2018 22:01:02 GMT+0200 (EET)
[debug] [2018-01-25T20:01:05.005Z] <<< HTTP RESPONSE 200
[debug] [2018-01-25T20:01:07.008Z] >>> HTTP REQUEST GET https://cloudfunctions.googleapis.com/v1/operations/b25lLXRpbWUtcGFzc3dvcmQtMzc1MWUvdXMtY2VudHJhbDEvY3JlYXRlVXNlci9UZ2VxRU82SlJxWQ  
  
 Thu Jan 25 2018 22:01:07 GMT+0200 (EET)
[debug] [2018-01-25T20:01:09.854Z] <<< HTTP RESPONSE 200
[debug] [2018-01-25T20:01:11.856Z] >>> HTTP REQUEST GET https://cloudfunctions.googleapis.com/v1/operations/b25lLXRpbWUtcGFzc3dvcmQtMzc1MWUvdXMtY2VudHJhbDEvY3JlYXRlVXNlci9UZ2VxRU82SlJxWQ  
  
 Thu Jan 25 2018 22:01:11 GMT+0200 (EET)
[debug] [2018-01-25T20:01:14.659Z] <<< HTTP RESPONSE 200
[debug] [2018-01-25T20:01:16.662Z] >>> HTTP REQUEST GET https://cloudfunctions.googleapis.com/v1/operations/b25lLXRpbWUtcGFzc3dvcmQtMzc1MWUvdXMtY2VudHJhbDEvY3JlYXRlVXNlci9UZ2VxRU82SlJxWQ  
  
 Thu Jan 25 2018 22:01:16 GMT+0200 (EET)
[debug] [2018-01-25T20:01:19.357Z] <<< HTTP RESPONSE 200
[debug] [2018-01-25T20:01:21.359Z] >>> HTTP REQUEST GET https://cloudfunctions.googleapis.com/v1/operations/b25lLXRpbWUtcGFzc3dvcmQtMzc1MWUvdXMtY2VudHJhbDEvY3JlYXRlVXNlci9UZ2VxRU82SlJxWQ  
  
 Thu Jan 25 2018 22:01:21 GMT+0200 (EET)
[debug] [2018-01-25T20:01:24.271Z] <<< HTTP RESPONSE 200
[debug] [2018-01-25T20:01:26.274Z] >>> HTTP REQUEST GET https://cloudfunctions.googleapis.com/v1/operations/b25lLXRpbWUtcGFzc3dvcmQtMzc1MWUvdXMtY2VudHJhbDEvY3JlYXRlVXNlci9UZ2VxRU82SlJxWQ  
  
 Thu Jan 25 2018 22:01:26 GMT+0200 (EET)
[debug] [2018-01-25T20:01:29.156Z] <<< HTTP RESPONSE 200
[debug] [2018-01-25T20:01:31.158Z] >>> HTTP REQUEST GET https://cloudfunctions.googleapis.com/v1/operations/b25lLXRpbWUtcGFzc3dvcmQtMzc1MWUvdXMtY2VudHJhbDEvY3JlYXRlVXNlci9UZ2VxRU82SlJxWQ  
  
 Thu Jan 25 2018 22:01:31 GMT+0200 (EET)
[debug] [2018-01-25T20:01:33.660Z] <<< HTTP RESPONSE 200
[debug] [2018-01-25T20:01:35.662Z] >>> HTTP REQUEST GET https://cloudfunctions.googleapis.com/v1/operations/b25lLXRpbWUtcGFzc3dvcmQtMzc1MWUvdXMtY2VudHJhbDEvY3JlYXRlVXNlci9UZ2VxRU82SlJxWQ  
  
 Thu Jan 25 2018 22:01:35 GMT+0200 (EET)
[debug] [2018-01-25T20:01:38.451Z] <<< HTTP RESPONSE 200
[debug] [2018-01-25T20:01:40.454Z] >>> HTTP REQUEST GET https://cloudfunctions.googleapis.com/v1/operations/b25lLXRpbWUtcGFzc3dvcmQtMzc1MWUvdXMtY2VudHJhbDEvY3JlYXRlVXNlci9UZ2VxRU82SlJxWQ  
  
 Thu Jan 25 2018 22:01:40 GMT+0200 (EET)
[debug] [2018-01-25T20:01:43.817Z] <<< HTTP RESPONSE 200
[debug] [2018-01-25T20:01:45.819Z] >>> HTTP REQUEST GET https://cloudfunctions.googleapis.com/v1/operations/b25lLXRpbWUtcGFzc3dvcmQtMzc1MWUvdXMtY2VudHJhbDEvY3JlYXRlVXNlci9UZ2VxRU82SlJxWQ  
  
 Thu Jan 25 2018 22:01:45 GMT+0200 (EET)
[debug] [2018-01-25T20:01:47.965Z] <<< HTTP RESPONSE 200
[debug] [2018-01-25T20:01:49.967Z] >>> HTTP REQUEST GET https://cloudfunctions.googleapis.com/v1/operations/b25lLXRpbWUtcGFzc3dvcmQtMzc1MWUvdXMtY2VudHJhbDEvY3JlYXRlVXNlci9UZ2VxRU82SlJxWQ  
  
 Thu Jan 25 2018 22:01:49 GMT+0200 (EET)
[debug] [2018-01-25T20:01:52.754Z] <<< HTTP RESPONSE 200
[debug] [2018-01-25T20:01:54.756Z] >>> HTTP REQUEST GET https://cloudfunctions.googleapis.com/v1/operations/b25lLXRpbWUtcGFzc3dvcmQtMzc1MWUvdXMtY2VudHJhbDEvY3JlYXRlVXNlci9UZ2VxRU82SlJxWQ  
  
 Thu Jan 25 2018 22:01:54 GMT+0200 (EET)
[debug] [2018-01-25T20:01:57.125Z] <<< HTTP RESPONSE 200
[debug] [2018-01-25T20:01:59.126Z] >>> HTTP REQUEST GET https://cloudfunctions.googleapis.com/v1/operations/b25lLXRpbWUtcGFzc3dvcmQtMzc1MWUvdXMtY2VudHJhbDEvY3JlYXRlVXNlci9UZ2VxRU82SlJxWQ  
  
 Thu Jan 25 2018 22:01:59 GMT+0200 (EET)
[debug] [2018-01-25T20:02:02.070Z] <<< HTTP RESPONSE 200
[debug] [2018-01-25T20:02:04.072Z] >>> HTTP REQUEST GET https://cloudfunctions.googleapis.com/v1/operations/b25lLXRpbWUtcGFzc3dvcmQtMzc1MWUvdXMtY2VudHJhbDEvY3JlYXRlVXNlci9UZ2VxRU82SlJxWQ  
  
 Thu Jan 25 2018 22:02:04 GMT+0200 (EET)
[debug] [2018-01-25T20:02:06.411Z] <<< HTTP RESPONSE 200
[debug] [2018-01-25T20:02:08.414Z] >>> HTTP REQUEST GET https://cloudfunctions.googleapis.com/v1/operations/b25lLXRpbWUtcGFzc3dvcmQtMzc1MWUvdXMtY2VudHJhbDEvY3JlYXRlVXNlci9UZ2VxRU82SlJxWQ  
  
 Thu Jan 25 2018 22:02:08 GMT+0200 (EET)
[debug] [2018-01-25T20:02:10.970Z] <<< HTTP RESPONSE 200
[debug] [2018-01-25T20:02:12.972Z] >>> HTTP REQUEST GET https://cloudfunctions.googleapis.com/v1/operations/b25lLXRpbWUtcGFzc3dvcmQtMzc1MWUvdXMtY2VudHJhbDEvY3JlYXRlVXNlci9UZ2VxRU82SlJxWQ  
  
 Thu Jan 25 2018 22:02:12 GMT+0200 (EET)
[debug] [2018-01-25T20:02:15.277Z] <<< HTTP RESPONSE 200
[debug] [2018-01-25T20:02:17.279Z] >>> HTTP REQUEST GET https://cloudfunctions.googleapis.com/v1/operations/b25lLXRpbWUtcGFzc3dvcmQtMzc1MWUvdXMtY2VudHJhbDEvY3JlYXRlVXNlci9UZ2VxRU82SlJxWQ  
  
 Thu Jan 25 2018 22:02:17 GMT+0200 (EET)
[debug] [2018-01-25T20:02:20.010Z] <<< HTTP RESPONSE 200
[debug] [2018-01-25T20:02:22.011Z] >>> HTTP REQUEST GET https://cloudfunctions.googleapis.com/v1/operations/b25lLXRpbWUtcGFzc3dvcmQtMzc1MWUvdXMtY2VudHJhbDEvY3JlYXRlVXNlci9UZ2VxRU82SlJxWQ  
  
 Thu Jan 25 2018 22:02:22 GMT+0200 (EET)
[debug] [2018-01-25T20:02:24.636Z] <<< HTTP RESPONSE 200
[debug] [2018-01-25T20:02:26.639Z] >>> HTTP REQUEST GET https://cloudfunctions.googleapis.com/v1/operations/b25lLXRpbWUtcGFzc3dvcmQtMzc1MWUvdXMtY2VudHJhbDEvY3JlYXRlVXNlci9UZ2VxRU82SlJxWQ  
  
 Thu Jan 25 2018 22:02:26 GMT+0200 (EET)
[debug] [2018-01-25T20:02:29.268Z] <<< HTTP RESPONSE 200
[debug] [2018-01-25T20:02:31.271Z] >>> HTTP REQUEST GET https://cloudfunctions.googleapis.com/v1/operations/b25lLXRpbWUtcGFzc3dvcmQtMzc1MWUvdXMtY2VudHJhbDEvY3JlYXRlVXNlci9UZ2VxRU82SlJxWQ  
  
 Thu Jan 25 2018 22:02:31 GMT+0200 (EET)
[debug] [2018-01-25T20:02:33.973Z] <<< HTTP RESPONSE 200
[debug] [2018-01-25T20:02:35.974Z] >>> HTTP REQUEST GET https://cloudfunctions.googleapis.com/v1/operations/b25lLXRpbWUtcGFzc3dvcmQtMzc1MWUvdXMtY2VudHJhbDEvY3JlYXRlVXNlci9UZ2VxRU82SlJxWQ  
  
 Thu Jan 25 2018 22:02:35 GMT+0200 (EET)
[debug] [2018-01-25T20:02:38.519Z] <<< HTTP RESPONSE 200
[debug] [2018-01-25T20:02:40.522Z] >>> HTTP REQUEST GET https://cloudfunctions.googleapis.com/v1/operations/b25lLXRpbWUtcGFzc3dvcmQtMzc1MWUvdXMtY2VudHJhbDEvY3JlYXRlVXNlci9UZ2VxRU82SlJxWQ  
  
 Thu Jan 25 2018 22:02:40 GMT+0200 (EET)
[debug] [2018-01-25T20:02:43.408Z] <<< HTTP RESPONSE 200
[debug] [2018-01-25T20:02:45.411Z] >>> HTTP REQUEST GET https://cloudfunctions.googleapis.com/v1/operations/b25lLXRpbWUtcGFzc3dvcmQtMzc1MWUvdXMtY2VudHJhbDEvY3JlYXRlVXNlci9UZ2VxRU82SlJxWQ  
  
 Thu Jan 25 2018 22:02:45 GMT+0200 (EET)
[debug] [2018-01-25T20:02:48.242Z] <<< HTTP RESPONSE 200
[debug] [2018-01-25T20:02:50.245Z] >>> HTTP REQUEST GET https://cloudfunctions.googleapis.com/v1/operations/b25lLXRpbWUtcGFzc3dvcmQtMzc1MWUvdXMtY2VudHJhbDEvY3JlYXRlVXNlci9UZ2VxRU82SlJxWQ  
  
 Thu Jan 25 2018 22:02:50 GMT+0200 (EET)
[debug] [2018-01-25T20:02:52.943Z] <<< HTTP RESPONSE 200
[debug] [2018-01-25T20:02:54.946Z] >>> HTTP REQUEST GET https://cloudfunctions.googleapis.com/v1/operations/b25lLXRpbWUtcGFzc3dvcmQtMzc1MWUvdXMtY2VudHJhbDEvY3JlYXRlVXNlci9UZ2VxRU82SlJxWQ  
  
 Thu Jan 25 2018 22:02:54 GMT+0200 (EET)
[debug] [2018-01-25T20:02:57.474Z] <<< HTTP RESPONSE 200
[debug] [2018-01-25T20:02:59.478Z] >>> HTTP REQUEST GET https://cloudfunctions.googleapis.com/v1/operations/b25lLXRpbWUtcGFzc3dvcmQtMzc1MWUvdXMtY2VudHJhbDEvY3JlYXRlVXNlci9UZ2VxRU82SlJxWQ  
  
 Thu Jan 25 2018 22:02:59 GMT+0200 (EET)
[debug] [2018-01-25T20:03:01.960Z] <<< HTTP RESPONSE 200
[debug] [2018-01-25T20:03:03.962Z] >>> HTTP REQUEST GET https://cloudfunctions.googleapis.com/v1/operations/b25lLXRpbWUtcGFzc3dvcmQtMzc1MWUvdXMtY2VudHJhbDEvY3JlYXRlVXNlci9UZ2VxRU82SlJxWQ  
  
 Thu Jan 25 2018 22:03:03 GMT+0200 (EET)
[debug] [2018-01-25T20:03:06.853Z] <<< HTTP RESPONSE 200
[debug] [2018-01-25T20:03:08.856Z] >>> HTTP REQUEST GET https://cloudfunctions.googleapis.com/v1/operations/b25lLXRpbWUtcGFzc3dvcmQtMzc1MWUvdXMtY2VudHJhbDEvY3JlYXRlVXNlci9UZ2VxRU82SlJxWQ  
  
 Thu Jan 25 2018 22:03:08 GMT+0200 (EET)
[debug] [2018-01-25T20:03:11.207Z] <<< HTTP RESPONSE 200
[debug] [2018-01-25T20:03:13.210Z] >>> HTTP REQUEST GET https://cloudfunctions.googleapis.com/v1/operations/b25lLXRpbWUtcGFzc3dvcmQtMzc1MWUvdXMtY2VudHJhbDEvY3JlYXRlVXNlci9UZ2VxRU82SlJxWQ  
  
 Thu Jan 25 2018 22:03:13 GMT+0200 (EET)
[debug] [2018-01-25T20:03:16.116Z] <<< HTTP RESPONSE 200
[debug] [2018-01-25T20:03:18.118Z] >>> HTTP REQUEST GET https://cloudfunctions.googleapis.com/v1/operations/b25lLXRpbWUtcGFzc3dvcmQtMzc1MWUvdXMtY2VudHJhbDEvY3JlYXRlVXNlci9UZ2VxRU82SlJxWQ  
  
 Thu Jan 25 2018 22:03:18 GMT+0200 (EET)
[debug] [2018-01-25T20:03:21.043Z] <<< HTTP RESPONSE 200
[debug] [2018-01-25T20:03:23.047Z] >>> HTTP REQUEST GET https://cloudfunctions.googleapis.com/v1/operations/b25lLXRpbWUtcGFzc3dvcmQtMzc1MWUvdXMtY2VudHJhbDEvY3JlYXRlVXNlci9UZ2VxRU82SlJxWQ  
  
 Thu Jan 25 2018 22:03:23 GMT+0200 (EET)
[debug] [2018-01-25T20:03:25.793Z] <<< HTTP RESPONSE 200
[debug] [2018-01-25T20:03:27.794Z] >>> HTTP REQUEST GET https://cloudfunctions.googleapis.com/v1/operations/b25lLXRpbWUtcGFzc3dvcmQtMzc1MWUvdXMtY2VudHJhbDEvY3JlYXRlVXNlci9UZ2VxRU82SlJxWQ  
  
 Thu Jan 25 2018 22:03:27 GMT+0200 (EET)
[debug] [2018-01-25T20:03:30.219Z] <<< HTTP RESPONSE 200
[debug] [2018-01-25T20:03:32.222Z] >>> HTTP REQUEST GET https://cloudfunctions.googleapis.com/v1/operations/b25lLXRpbWUtcGFzc3dvcmQtMzc1MWUvdXMtY2VudHJhbDEvY3JlYXRlVXNlci9UZ2VxRU82SlJxWQ  
  
 Thu Jan 25 2018 22:03:32 GMT+0200 (EET)
[debug] [2018-01-25T20:03:35.046Z] <<< HTTP RESPONSE 200
[debug] [2018-01-25T20:03:37.047Z] >>> HTTP REQUEST GET https://cloudfunctions.googleapis.com/v1/operations/b25lLXRpbWUtcGFzc3dvcmQtMzc1MWUvdXMtY2VudHJhbDEvY3JlYXRlVXNlci9UZ2VxRU82SlJxWQ  
  
 Thu Jan 25 2018 22:03:37 GMT+0200 (EET)
[debug] [2018-01-25T20:03:39.838Z] <<< HTTP RESPONSE 200
[debug] [2018-01-25T20:03:41.839Z] >>> HTTP REQUEST GET https://cloudfunctions.googleapis.com/v1/operations/b25lLXRpbWUtcGFzc3dvcmQtMzc1MWUvdXMtY2VudHJhbDEvY3JlYXRlVXNlci9UZ2VxRU82SlJxWQ  
  
 Thu Jan 25 2018 22:03:41 GMT+0200 (EET)
[debug] [2018-01-25T20:03:44.338Z] <<< HTTP RESPONSE 200
